<?xml version="1.0" encoding="UTF-8"?>
<testng-results ignored="0" total="1" passed="1" failed="0" skipped="0">
  <reporter-output>
    <line>
      <![CDATA[Successfully running]]>
    </line>
  </reporter-output>
  <suite started-at="2020-08-31T10:58:19 IST" name="Suite" finished-at="2020-08-31T10:58:19 IST" duration-ms="111">
    <groups>
    </groups>
    <test started-at="2020-08-31T10:58:19 IST" name="Test" finished-at="2020-08-31T10:58:19 IST" duration-ms="111">
      <class name="com.acitime.timetrack.Demo">
        <test-method signature="runTest()[pri:0, instance:com.acitime.timetrack.Demo@4779aae6]" started-at="2020-08-31T10:58:19 IST" name="runTest" finished-at="2020-08-31T10:58:19 IST" duration-ms="20" status="PASS">
          <reporter-output>
            <line>
              <![CDATA[Successfully running]]>
            </line>
          </reporter-output>
        </test-method> <!-- runTest -->
      </class> <!-- com.acitime.timetrack.Demo -->
    </test> <!-- Test -->
  </suite> <!-- Suite -->
</testng-results>
